20:24:12.398 [main] DEBUG org.jboss.logging logProvider - Logging Provider: org.jboss.logging.Log4j2LoggerProvider
20:24:12.479 [main] WARN  org.hibernate.jpa.boot.internal.PersistenceXmlParser parsePersistenceXml - HHH015018: Encountered multiple persistence-unit stanzas defining same name [hibernateOracle]; persistence-unit names must be unique
20:24:12.479 [main] DEBUG org.hibernate.jpa.HibernatePersistenceProvider getEntityManagerFactoryBuilderOrNull - Located and parsed 3 persistence units; checking each
20:24:12.479 [main] DEBUG org.hibernate.jpa.HibernatePersistenceProvider getEntityManagerFactoryBuilderOrNull - Checking persistence-unit [name=hibernateMySQL, explicit-provider=org.hibernate.jpa.HibernatePersistenceProvider] against incoming persistence unit name [hibernateOracle]
20:24:12.480 [main] DEBUG org.hibernate.jpa.HibernatePersistenceProvider getEntityManagerFactoryBuilderOrNull - Excluding from consideration due to name mis-match
20:24:12.480 [main] DEBUG org.hibernate.jpa.HibernatePersistenceProvider getEntityManagerFactoryBuilderOrNull - Checking persistence-unit [name=HibernateMySql, explicit-provider=org.hibernate.jpa.HibernatePersistenceProvider] against incoming persistence unit name [hibernateOracle]
20:24:12.480 [main] DEBUG org.hibernate.jpa.HibernatePersistenceProvider getEntityManagerFactoryBuilderOrNull - Excluding from consideration due to name mis-match
20:24:12.480 [main] DEBUG org.hibernate.jpa.HibernatePersistenceProvider getEntityManagerFactoryBuilderOrNull - Checking persistence-unit [name=hibernateOracle, explicit-provider=org.hibernate.jpa.HibernatePersistenceProvider] against incoming persistence unit name [hibernateOracle]
20:24:12.481 [main] DEBUG org.hibernate.jpa.boot.spi.ProviderChecker extractRequestedProviderName - Persistence-unit [hibernateOracle] requested PersistenceProvider [org.hibernate.jpa.HibernatePersistenceProvider]
20:24:12.485 [main] DEBUG org.hibernate.jpa.internal.util.LogHelper logPersistenceUnitInformation - PersistenceUnitInfo [
	name: hibernateOracle
	persistence provider classname: org.hibernate.jpa.HibernatePersistenceProvider
	classloader: null
	excludeUnlistedClasses: true
	JTA datasource: null
	Non JTA datasource: null
	Transaction type: RESOURCE_LOCAL
	PU root URL: file:/C:/Users/Tardes/Desktop/workspace/ProyectoWeb/target/classes/
	Shared Cache Mode: null
	Validation Mode: null
	Jar files URLs []
	Managed classes names [
		servlets.Lampara
		servlets.Sofa
		servlets.Mobiliario
		servlets.Mesa]
	Mapping files names []
	Properties [
		jakarta.persistence.jdbc.password: password
		hibernate.dialect: org.hibernate.dialect.Oracle10gDialect
		hibernate.show_sql: true
		jakarta.persistence.jdbc.url: jdbc:oracle:thin:@localhost:1521/XE
		jakarta.persistence.jdbc.driver: oracle.jdbc.OracleDriver
		hibernate.hbm2ddl.auto: update
		jakarta.persistence.jdbc.user: curso]
20:24:12.487 [main] DEBUG org.hibernate.integrator.internal.IntegratorServiceImpl addIntegrator - Adding Integrator [org.hibernate.cfg.beanvalidation.BeanValidationIntegrator].
20:24:12.488 [main] DEBUG org.hibernate.integrator.internal.IntegratorServiceImpl addIntegrator - Adding Integrator [org.hibernate.secure.spi.JaccIntegrator].
20:24:12.490 [main] DEBUG org.hibernate.integrator.internal.IntegratorServiceImpl addIntegrator - Adding Integrator [org.hibernate.cache.internal.CollectionCacheInvalidator].
20:24:12.517 [main] INFO  org.hibernate.Version logVersion - HHH000412: Hibernate ORM core version 5.6.12.Final
20:24:12.518 [main] DEBUG org.hibernate.cfg.Environment <clinit> - HHH000206: hibernate.properties not found
20:24:12.607 [main] DEBUG org.hibernate.service.spi.ServiceBinding setService - Overriding existing service binding [org.hibernate.secure.spi.JaccService]
20:24:12.617 [main] DEBUG org.hibernate.cache.internal.RegionFactoryInitiator resolveRegionFactory - Cannot default RegionFactory based on registered strategies as `[]` RegionFactory strategies were registered
20:24:12.618 [main] DEBUG org.hibernate.cache.internal.RegionFactoryInitiator initiateService - Cache region factory : org.hibernate.cache.internal.NoCachingRegionFactory
20:24:12.627 [main] INFO  org.hibernate.annotations.common.Version <clinit> - HCANN000001: Hibernate Commons Annotations {5.1.2.Final}
20:24:12.670 [main] DEBUG org.hibernate.type.BasicTypeRegistry register - Adding type registration boolean -> org.hibernate.type.BooleanType@79c4715d
20:24:12.670 [main] DEBUG org.hibernate.type.BasicTypeRegistry register - Adding type registration boolean -> org.hibernate.type.BooleanType@79c4715d
20:24:12.670 [main] DEBUG org.hibernate.type.BasicTypeRegistry register - Adding type registration java.lang.Boolean -> org.hibernate.type.BooleanType@79c4715d
20:24:12.670 [main] DEBUG org.hibernate.type.BasicTypeRegistry register - Adding type registration numeric_boolean -> org.hibernate.type.NumericBooleanType@54336c81
20:24:12.671 [main] DEBUG org.hibernate.type.BasicTypeRegistry register - Adding type registration true_false -> org.hibernate.type.TrueFalseType@49bd54f7
20:24:12.671 [main] DEBUG org.hibernate.type.BasicTypeRegistry register - Adding type registration yes_no -> org.hibernate.type.YesNoType@79ab3a71
20:24:12.671 [main] DEBUG org.hibernate.type.BasicTypeRegistry register - Adding type registration byte -> org.hibernate.type.ByteType@2fb68ec6
20:24:12.672 [main] DEBUG org.hibernate.type.BasicTypeRegistry register - Adding type registration byte -> org.hibernate.type.ByteType@2fb68ec6
20:24:12.672 [main] DEBUG org.hibernate.type.BasicTypeRegistry register - Adding type registration java.lang.Byte -> org.hibernate.type.ByteType@2fb68ec6
20:24:12.674 [main] DEBUG org.hibernate.type.BasicTypeRegistry register - Adding type registration character -> org.hibernate.type.CharacterType@24528a25
20:24:12.674 [main] DEBUG org.hibernate.type.BasicTypeRegistry register - Adding type registration char -> org.hibernate.type.CharacterType@24528a25
20:24:12.674 [main] DEBUG org.hibernate.type.BasicTypeRegistry register - Adding type registration java.lang.Character -> org.hibernate.type.CharacterType@24528a25
20:24:12.675 [main] DEBUG org.hibernate.type.BasicTypeRegistry register - Adding type registration short -> org.hibernate.type.ShortType@3ee39da0
20:24:12.675 [main] DEBUG org.hibernate.type.BasicTypeRegistry register - Adding type registration short -> org.hibernate.type.ShortType@3ee39da0
20:24:12.675 [main] DEBUG org.hibernate.type.BasicTypeRegistry register - Adding type registration java.lang.Short -> org.hibernate.type.ShortType@3ee39da0
20:24:12.676 [main] DEBUG org.hibernate.type.BasicTypeRegistry register - Adding type registration integer -> org.hibernate.type.IntegerType@3b718392
20:24:12.676 [main] DEBUG org.hibernate.type.BasicTypeRegistry register - Adding type registration int -> org.hibernate.type.IntegerType@3b718392
20:24:12.676 [main] DEBUG org.hibernate.type.BasicTypeRegistry register - Adding type registration java.lang.Integer -> org.hibernate.type.IntegerType@3b718392
20:24:12.676 [main] DEBUG org.hibernate.type.BasicTypeRegistry register - Adding type registration long -> org.hibernate.type.LongType@46292372
20:24:12.676 [main] DEBUG org.hibernate.type.BasicTypeRegistry register - Adding type registration long -> org.hibernate.type.LongType@46292372
20:24:12.677 [main] DEBUG org.hibernate.type.BasicTypeRegistry register - Adding type registration java.lang.Long -> org.hibernate.type.LongType@46292372
20:24:12.677 [main] DEBUG org.hibernate.type.BasicTypeRegistry register - Adding type registration float -> org.hibernate.type.FloatType@36b6964d
20:24:12.677 [main] DEBUG org.hibernate.type.BasicTypeRegistry register - Adding type registration float -> org.hibernate.type.FloatType@36b6964d
20:24:12.677 [main] DEBUG org.hibernate.type.BasicTypeRegistry register - Adding type registration java.lang.Float -> org.hibernate.type.FloatType@36b6964d
20:24:12.678 [main] DEBUG org.hibernate.type.BasicTypeRegistry register - Adding type registration double -> org.hibernate.type.DoubleType@5dda14d0
20:24:12.678 [main] DEBUG org.hibernate.type.BasicTypeRegistry register - Adding type registration double -> org.hibernate.type.DoubleType@5dda14d0
20:24:12.678 [main] DEBUG org.hibernate.type.BasicTypeRegistry register - Adding type registration java.lang.Double -> org.hibernate.type.DoubleType@5dda14d0
20:24:12.679 [main] DEBUG org.hibernate.type.BasicTypeRegistry register - Adding type registration big_decimal -> org.hibernate.type.BigDecimalType@1ad777f
20:24:12.679 [main] DEBUG org.hibernate.type.BasicTypeRegistry register - Adding type registration java.math.BigDecimal -> org.hibernate.type.BigDecimalType@1ad777f
20:24:12.679 [main] DEBUG org.hibernate.type.BasicTypeRegistry register - Adding type registration big_integer -> org.hibernate.type.BigIntegerType@6979efad
20:24:12.679 [main] DEBUG org.hibernate.type.BasicTypeRegistry register - Adding type registration java.math.BigInteger -> org.hibernate.type.BigIntegerType@6979efad
20:24:12.679 [main] DEBUG org.hibernate.type.BasicTypeRegistry register - Adding type registration string -> org.hibernate.type.StringType@38d5b107
20:24:12.679 [main] DEBUG org.hibernate.type.BasicTypeRegistry register - Adding type registration java.lang.String -> org.hibernate.type.StringType@38d5b107
20:24:12.679 [main] DEBUG org.hibernate.type.BasicTypeRegistry register - Adding type registration nstring -> org.hibernate.type.StringNVarcharType@450794b4
20:24:12.679 [main] DEBUG org.hibernate.type.BasicTypeRegistry register - Adding type registration ncharacter -> org.hibernate.type.CharacterNCharType@632aa1a3
20:24:12.680 [main] DEBUG org.hibernate.type.BasicTypeRegistry register - Adding type registration url -> org.hibernate.type.UrlType@130a0f66
20:24:12.680 [main] DEBUG org.hibernate.type.BasicTypeRegistry register - Adding type registration java.net.URL -> org.hibernate.type.UrlType@130a0f66
20:24:12.681 [main] DEBUG org.hibernate.type.BasicTypeRegistry register - Adding type registration Duration -> org.hibernate.type.DurationType@199e4c2b
20:24:12.681 [main] DEBUG org.hibernate.type.BasicTypeRegistry register - Adding type registration java.time.Duration -> org.hibernate.type.DurationType@199e4c2b
20:24:12.686 [main] DEBUG org.hibernate.type.BasicTypeRegistry register - Adding type registration Instant -> org.hibernate.type.InstantType@28f8e165
20:24:12.686 [main] DEBUG org.hibernate.type.BasicTypeRegistry register - Adding type registration java.time.Instant -> org.hibernate.type.InstantType@28f8e165
20:24:12.687 [main] DEBUG org.hibernate.type.BasicTypeRegistry register - Adding type registration LocalDateTime -> org.hibernate.type.LocalDateTimeType@405325cf
20:24:12.688 [main] DEBUG org.hibernate.type.BasicTypeRegistry register - Adding type registration java.time.LocalDateTime -> org.hibernate.type.LocalDateTimeType@405325cf
20:24:12.688 [main] DEBUG org.hibernate.type.BasicTypeRegistry register - Adding type registration LocalDate -> org.hibernate.type.LocalDateType@721eb7df
20:24:12.689 [main] DEBUG org.hibernate.type.BasicTypeRegistry register - Adding type registration java.time.LocalDate -> org.hibernate.type.LocalDateType@721eb7df
20:24:12.689 [main] DEBUG org.hibernate.type.BasicTypeRegistry register - Adding type registration LocalTime -> org.hibernate.type.LocalTimeType@5ab9b447
20:24:12.690 [main] DEBUG org.hibernate.type.BasicTypeRegistry register - Adding type registration java.time.LocalTime -> org.hibernate.type.LocalTimeType@5ab9b447
20:24:12.690 [main] DEBUG org.hibernate.type.BasicTypeRegistry register - Adding type registration OffsetDateTime -> org.hibernate.type.OffsetDateTimeType@6b530eb9
20:24:12.690 [main] DEBUG org.hibernate.type.BasicTypeRegistry register - Adding type registration java.time.OffsetDateTime -> org.hibernate.type.OffsetDateTimeType@6b530eb9
20:24:12.691 [main] DEBUG org.hibernate.type.BasicTypeRegistry register - Adding type registration OffsetTime -> org.hibernate.type.OffsetTimeType@2c0f7678
20:24:12.691 [main] DEBUG org.hibernate.type.BasicTypeRegistry register - Adding type registration java.time.OffsetTime -> org.hibernate.type.OffsetTimeType@2c0f7678
20:24:12.692 [main] DEBUG org.hibernate.type.BasicTypeRegistry register - Adding type registration ZonedDateTime -> org.hibernate.type.ZonedDateTimeType@2d83c5a5
20:24:12.692 [main] DEBUG org.hibernate.type.BasicTypeRegistry register - Adding type registration java.time.ZonedDateTime -> org.hibernate.type.ZonedDateTimeType@2d83c5a5
20:24:12.693 [main] DEBUG org.hibernate.type.BasicTypeRegistry register - Adding type registration date -> org.hibernate.type.DateType@1b1637e1
20:24:12.693 [main] DEBUG org.hibernate.type.BasicTypeRegistry register - Adding type registration java.sql.Date -> org.hibernate.type.DateType@1b1637e1
20:24:12.693 [main] DEBUG org.hibernate.type.BasicTypeRegistry register - Adding type registration time -> org.hibernate.type.TimeType@56bc3fac
20:24:12.694 [main] DEBUG org.hibernate.type.BasicTypeRegistry register - Adding type registration java.sql.Time -> org.hibernate.type.TimeType@56bc3fac
20:24:12.694 [main] DEBUG org.hibernate.type.BasicTypeRegistry register - Adding type registration timestamp -> org.hibernate.type.TimestampType@74cf8b28
20:24:12.694 [main] DEBUG org.hibernate.type.BasicTypeRegistry register - Adding type registration java.sql.Timestamp -> org.hibernate.type.TimestampType@74cf8b28
20:24:12.695 [main] DEBUG org.hibernate.type.BasicTypeRegistry register - Adding type registration java.util.Date -> org.hibernate.type.TimestampType@74cf8b28
20:24:12.696 [main] DEBUG org.hibernate.type.BasicTypeRegistry register - Adding type registration dbtimestamp -> org.hibernate.type.DbTimestampType@73386d72
20:24:12.697 [main] DEBUG org.hibernate.type.BasicTypeRegistry register - Adding type registration calendar -> org.hibernate.type.CalendarType@4010d494
20:24:12.697 [main] DEBUG org.hibernate.type.BasicTypeRegistry register - Adding type registration java.util.Calendar -> org.hibernate.type.CalendarType@4010d494
20:24:12.697 [main] DEBUG org.hibernate.type.BasicTypeRegistry register - Adding type registration java.util.GregorianCalendar -> org.hibernate.type.CalendarType@4010d494
20:24:12.697 [main] DEBUG org.hibernate.type.BasicTypeRegistry register - Adding type registration calendar_date -> org.hibernate.type.CalendarDateType@78d50a3c
20:24:12.698 [main] DEBUG org.hibernate.type.BasicTypeRegistry register - Adding type registration calendar_time -> org.hibernate.type.CalendarTimeType@79c5636f
20:24:12.698 [main] DEBUG org.hibernate.type.BasicTypeRegistry register - Adding type registration locale -> org.hibernate.type.LocaleType@5d10455d
20:24:12.698 [main] DEBUG org.hibernate.type.BasicTypeRegistry register - Adding type registration java.util.Locale -> org.hibernate.type.LocaleType@5d10455d
20:24:12.699 [main] DEBUG org.hibernate.type.BasicTypeRegistry register - Adding type registration currency -> org.hibernate.type.CurrencyType@33a053d
20:24:12.699 [main] DEBUG org.hibernate.type.BasicTypeRegistry register - Adding type registration java.util.Currency -> org.hibernate.type.CurrencyType@33a053d
20:24:12.700 [main] DEBUG org.hibernate.type.BasicTypeRegistry register - Adding type registration timezone -> org.hibernate.type.TimeZoneType@6034e75d
20:24:12.700 [main] DEBUG org.hibernate.type.BasicTypeRegistry register - Adding type registration java.util.TimeZone -> org.hibernate.type.TimeZoneType@6034e75d
20:24:12.700 [main] DEBUG org.hibernate.type.BasicTypeRegistry register - Adding type registration class -> org.hibernate.type.ClassType@31be6b49
20:24:12.700 [main] DEBUG org.hibernate.type.BasicTypeRegistry register - Adding type registration java.lang.Class -> org.hibernate.type.ClassType@31be6b49
20:24:12.700 [main] DEBUG org.hibernate.type.BasicTypeRegistry register - Adding type registration uuid-binary -> org.hibernate.type.UUIDBinaryType@408613cc
20:24:12.701 [main] DEBUG org.hibernate.type.BasicTypeRegistry register - Adding type registration java.util.UUID -> org.hibernate.type.UUIDBinaryType@408613cc
20:24:12.701 [main] DEBUG org.hibernate.type.BasicTypeRegistry register - Adding type registration uuid-char -> org.hibernate.type.UUIDCharType@13cda7c9
20:24:12.701 [main] DEBUG org.hibernate.type.BasicTypeRegistry register - Adding type registration binary -> org.hibernate.type.BinaryType@3003697
20:24:12.701 [main] DEBUG org.hibernate.type.BasicTypeRegistry register - Adding type registration byte[] -> org.hibernate.type.BinaryType@3003697
20:24:12.702 [main] DEBUG org.hibernate.type.BasicTypeRegistry register - Adding type registration [B -> org.hibernate.type.BinaryType@3003697
20:24:12.702 [main] DEBUG org.hibernate.type.BasicTypeRegistry register - Adding type registration wrapper-binary -> org.hibernate.type.WrapperBinaryType@1bdbf9be
20:24:12.702 [main] DEBUG org.hibernate.type.BasicTypeRegistry register - Adding type registration Byte[] -> org.hibernate.type.WrapperBinaryType@1bdbf9be
20:24:12.702 [main] DEBUG org.hibernate.type.BasicTypeRegistry register - Adding type registration [Ljava.lang.Byte; -> org.hibernate.type.WrapperBinaryType@1bdbf9be
20:24:12.703 [main] DEBUG org.hibernate.type.BasicTypeRegistry register - Adding type registration row_version -> org.hibernate.type.RowVersionType@15f193b8
20:24:12.703 [main] DEBUG org.hibernate.type.BasicTypeRegistry register - Adding type registration image -> org.hibernate.type.ImageType@72889280
20:24:12.704 [main] DEBUG org.hibernate.type.BasicTypeRegistry register - Adding type registration characters -> org.hibernate.type.CharArrayType@77e80a5e
20:24:12.704 [main] DEBUG org.hibernate.type.BasicTypeRegistry register - Adding type registration char[] -> org.hibernate.type.CharArrayType@77e80a5e
20:24:12.704 [main] DEBUG org.hibernate.type.BasicTypeRegistry register - Adding type registration [C -> org.hibernate.type.CharArrayType@77e80a5e
20:24:12.705 [main] DEBUG org.hibernate.type.BasicTypeRegistry register - Adding type registration wrapper-characters -> org.hibernate.type.CharacterArrayType@503fbbc6
20:24:12.705 [main] DEBUG org.hibernate.type.BasicTypeRegistry register - Adding type registration [Ljava.lang.Character; -> org.hibernate.type.CharacterArrayType@503fbbc6
20:24:12.705 [main] DEBUG org.hibernate.type.BasicTypeRegistry register - Adding type registration Character[] -> org.hibernate.type.CharacterArrayType@503fbbc6
20:24:12.705 [main] DEBUG org.hibernate.type.BasicTypeRegistry register - Adding type registration text -> org.hibernate.type.TextType@4a325eb9
20:24:12.706 [main] DEBUG org.hibernate.type.BasicTypeRegistry register - Adding type registration ntext -> org.hibernate.type.NTextType@194152cf
20:24:12.706 [main] DEBUG org.hibernate.type.BasicTypeRegistry register - Adding type registration blob -> org.hibernate.type.BlobType@3163987e
20:24:12.706 [main] DEBUG org.hibernate.type.BasicTypeRegistry register - Adding type registration java.sql.Blob -> org.hibernate.type.BlobType@3163987e
20:24:12.707 [main] DEBUG org.hibernate.type.BasicTypeRegistry register - Adding type registration materialized_blob -> org.hibernate.type.MaterializedBlobType@6974a715
20:24:12.707 [main] DEBUG org.hibernate.type.BasicTypeRegistry register - Adding type registration clob -> org.hibernate.type.ClobType@55caeb35
20:24:12.708 [main] DEBUG org.hibernate.type.BasicTypeRegistry register - Adding type registration java.sql.Clob -> org.hibernate.type.ClobType@55caeb35
20:24:12.708 [main] DEBUG org.hibernate.type.BasicTypeRegistry register - Adding type registration nclob -> org.hibernate.type.NClobType@d4602a
20:24:12.708 [main] DEBUG org.hibernate.type.BasicTypeRegistry register - Adding type registration java.sql.NClob -> org.hibernate.type.NClobType@d4602a
20:24:12.709 [main] DEBUG org.hibernate.type.BasicTypeRegistry register - Adding type registration materialized_clob -> org.hibernate.type.MaterializedClobType@36a7abe1
20:24:12.709 [main] DEBUG org.hibernate.type.BasicTypeRegistry register - Adding type registration materialized_nclob -> org.hibernate.type.MaterializedNClobType@1adb7478
20:24:12.710 [main] DEBUG org.hibernate.type.BasicTypeRegistry register - Adding type registration serializable -> org.hibernate.type.SerializableType@3956b302
20:24:12.711 [main] DEBUG org.hibernate.type.BasicTypeRegistry register - Adding type registration object -> org.hibernate.type.ObjectType@430fa4ef
20:24:12.711 [main] DEBUG org.hibernate.type.BasicTypeRegistry register - Adding type registration java.lang.Object -> org.hibernate.type.ObjectType@430fa4ef
20:24:12.711 [main] DEBUG org.hibernate.type.BasicTypeRegistry register - Adding type registration imm_date -> org.hibernate.type.AdaptedImmutableType@5bdaf2ce
20:24:12.711 [main] DEBUG org.hibernate.type.BasicTypeRegistry register - Adding type registration imm_time -> org.hibernate.type.AdaptedImmutableType@42d236fb
20:24:12.712 [main] DEBUG org.hibernate.type.BasicTypeRegistry register - Adding type registration imm_timestamp -> org.hibernate.type.AdaptedImmutableType@1ce93c18
20:24:12.712 [main] DEBUG org.hibernate.type.BasicTypeRegistry register - Adding type registration imm_dbtimestamp -> org.hibernate.type.AdaptedImmutableType@19f21b6b
20:24:12.712 [main] DEBUG org.hibernate.type.BasicTypeRegistry register - Adding type registration imm_calendar -> org.hibernate.type.AdaptedImmutableType@1532c619
20:24:12.712 [main] DEBUG org.hibernate.type.BasicTypeRegistry register - Adding type registration imm_calendar_date -> org.hibernate.type.AdaptedImmutableType@46044faa
20:24:12.712 [main] DEBUG org.hibernate.type.BasicTypeRegistry register - Adding type registration imm_binary -> org.hibernate.type.AdaptedImmutableType@1358b28e
20:24:12.712 [main] DEBUG org.hibernate.type.BasicTypeRegistry register - Adding type registration imm_serializable -> org.hibernate.type.AdaptedImmutableType@1a78dacd
20:24:12.719 [main] DEBUG org.hibernate.boot.internal.BootstrapContextImpl injectScanEnvironment - Injecting ScanEnvironment [org.hibernate.jpa.boot.internal.StandardJpaScanEnvironmentImpl@36453307] into BootstrapContext; was [null]
20:24:12.719 [main] DEBUG org.hibernate.boot.internal.BootstrapContextImpl injectScanOptions - Injecting ScanOptions [org.hibernate.boot.archive.scan.internal.StandardScanOptions@7dcc91fd] into BootstrapContext; was [org.hibernate.boot.archive.scan.internal.StandardScanOptions@66eb985d]
20:24:12.752 [main] DEBUG org.hibernate.boot.internal.BootstrapContextImpl injectJpaTempClassLoader - Injecting JPA temp ClassLoader [null] into BootstrapContext; was [null]
20:24:12.752 [main] DEBUG org.hibernate.boot.internal.ClassLoaderAccessImpl injectTempClassLoader - ClassLoaderAccessImpl#injectTempClassLoader(null) [was null]
20:24:12.758 [main] DEBUG org.hibernate.id.factory.internal.DefaultIdentifierGeneratorFactory register - Registering IdentifierGenerator strategy [uuid2] -> [org.hibernate.id.UUIDGenerator]
20:24:12.758 [main] DEBUG org.hibernate.id.factory.internal.DefaultIdentifierGeneratorFactory register - Registering IdentifierGenerator strategy [guid] -> [org.hibernate.id.GUIDGenerator]
20:24:12.759 [main] DEBUG org.hibernate.id.factory.internal.DefaultIdentifierGeneratorFactory register - Registering IdentifierGenerator strategy [uuid] -> [org.hibernate.id.UUIDHexGenerator]
20:24:12.759 [main] DEBUG org.hibernate.id.factory.internal.DefaultIdentifierGeneratorFactory register - Registering IdentifierGenerator strategy [uuid.hex] -> [org.hibernate.id.UUIDHexGenerator]
20:24:12.759 [main] DEBUG org.hibernate.id.factory.internal.DefaultIdentifierGeneratorFactory register - Registering IdentifierGenerator strategy [assigned] -> [org.hibernate.id.Assigned]
20:24:12.760 [main] DEBUG org.hibernate.id.factory.internal.DefaultIdentifierGeneratorFactory register - Registering IdentifierGenerator strategy [identity] -> [org.hibernate.id.IdentityGenerator]
20:24:12.760 [main] DEBUG org.hibernate.id.factory.internal.DefaultIdentifierGeneratorFactory register - Registering IdentifierGenerator strategy [select] -> [org.hibernate.id.SelectGenerator]
20:24:12.760 [main] DEBUG org.hibernate.id.factory.internal.DefaultIdentifierGeneratorFactory register - Registering IdentifierGenerator strategy [sequence] -> [org.hibernate.id.enhanced.SequenceStyleGenerator]
20:24:12.761 [main] DEBUG org.hibernate.id.factory.internal.DefaultIdentifierGeneratorFactory register - Registering IdentifierGenerator strategy [seqhilo] -> [org.hibernate.id.SequenceHiLoGenerator]
20:24:12.761 [main] DEBUG org.hibernate.id.factory.internal.DefaultIdentifierGeneratorFactory register - Registering IdentifierGenerator strategy [increment] -> [org.hibernate.id.IncrementGenerator]
20:24:12.761 [main] DEBUG org.hibernate.id.factory.internal.DefaultIdentifierGeneratorFactory register - Registering IdentifierGenerator strategy [foreign] -> [org.hibernate.id.ForeignGenerator]
20:24:12.762 [main] DEBUG org.hibernate.id.factory.internal.DefaultIdentifierGeneratorFactory register - Registering IdentifierGenerator strategy [sequence-identity] -> [org.hibernate.id.SequenceIdentityGenerator]
20:24:12.762 [main] DEBUG org.hibernate.id.factory.internal.DefaultIdentifierGeneratorFactory register - Registering IdentifierGenerator strategy [enhanced-sequence] -> [org.hibernate.id.enhanced.SequenceStyleGenerator]
20:24:12.762 [main] DEBUG org.hibernate.id.factory.internal.DefaultIdentifierGeneratorFactory register - Registering IdentifierGenerator strategy [enhanced-table] -> [org.hibernate.id.enhanced.TableGenerator]
20:24:12.764 [main] WARN  org.hibernate.orm.connections.pooling configure - HHH10001002: Using Hibernate built-in connection pool (not for production use!)
20:24:12.794 [main] INFO  org.hibernate.orm.connections.pooling buildCreator - HHH10001005: using driver [oracle.jdbc.OracleDriver] at URL [jdbc:oracle:thin:@localhost:1521/XE]
20:24:12.794 [main] INFO  org.hibernate.orm.connections.pooling buildCreator - HHH10001001: Connection properties: {password=password, user=curso}
20:24:12.794 [main] INFO  org.hibernate.orm.connections.pooling buildCreator - HHH10001003: Autocommit mode: false
20:24:12.796 [main] DEBUG org.hibernate.engine.jdbc.connections.internal.DriverManagerConnectionProviderImpl debugf - Initializing Connection pool with 1 Connections
20:24:12.796 [main] INFO  org.hibernate.engine.jdbc.connections.internal.DriverManagerConnectionProviderImpl <init> - HHH000115: Hibernate connection pool size: 20 (min=1)
20:24:13.028 [main] DEBUG org.hibernate.engine.jdbc.env.internal.JdbcEnvironmentInitiator initiateService - Database ->
       name : Oracle
    version : Oracle Database 10g Express Edition Release 10.2.0.1.0 - Production
      major : 10
      minor : 2
20:24:13.029 [main] DEBUG org.hibernate.engine.jdbc.env.internal.JdbcEnvironmentInitiator initiateService - Driver ->
       name : Oracle JDBC driver
    version : 19.21.0.0.0
      major : 19
      minor : 21
20:24:13.029 [main] DEBUG org.hibernate.engine.jdbc.env.internal.JdbcEnvironmentInitiator debugf - JDBC version : 4.3
20:24:13.035 [main] INFO  org.hibernate.dialect.Dialect <init> - HHH000400: Using dialect: org.hibernate.dialect.Oracle10gDialect
20:24:13.141 [main] DEBUG org.hibernate.type.spi.TypeConfiguration$Scope scope - Scoping TypeConfiguration [org.hibernate.type.spi.TypeConfiguration@7e19755a] to MetadataBuildingContext [org.hibernate.boot.internal.MetadataBuildingContextRootImpl@5d5c04f9]
20:24:13.171 [main] DEBUG org.hibernate.boot.model.relational.Namespace <init> - Created database namespace [logicalName=Name{catalog=null, schema=null}, physicalName=Name{catalog=null, schema=null}]
20:24:13.179 [main] DEBUG org.hibernate.cfg.AnnotationBinder bindClass - Binding entity from annotated class: servlets.Mobiliario
20:24:13.191 [main] DEBUG org.hibernate.cfg.Ejb3Column bind - Binding column: Ejb3DiscriminatorColumn{logicalColumnName'DIS', discriminatorTypeName='string'}
20:24:13.194 [main] DEBUG org.hibernate.cfg.annotations.EntityBinder bindEntity - Import with entity name Mobiliario
20:24:13.195 [main] DEBUG org.hibernate.cfg.annotations.EntityBinder bindTable - Bind entity servlets.Mobiliario on table TB_MOBILIARIO
20:24:13.210 [main] DEBUG org.hibernate.cfg.Ejb3Column bind - Binding column: Ejb3Column{table=org.hibernate.mapping.Table(TB_MOBILIARIO), mappingColumn=ID, insertable=true, updatable=false, unique=false}
20:24:13.212 [main] DEBUG org.hibernate.boot.internal.ClassLoaderAccessImpl classForName - Not known whether passed class name [servlets.Mobiliario] is safe
20:24:13.212 [main] DEBUG org.hibernate.boot.internal.ClassLoaderAccessImpl classForName - No temp ClassLoader provided; using live ClassLoader for loading potentially unsafe class : servlets.Mobiliario
20:24:13.212 [main] DEBUG org.hibernate.cfg.annotations.PropertyBinder makePropertyAndValue - MetadataSourceProcessor property id with lazy=false
20:24:13.213 [main] DEBUG org.hibernate.cfg.AbstractPropertyHolder resolveAttributeConverterDescriptor - Attempting to locate auto-apply AttributeConverter for property [servlets.Mobiliario:id]
20:24:13.214 [main] DEBUG org.hibernate.cfg.annotations.SimpleValueBinder make - building SimpleValue for id
20:24:13.214 [main] DEBUG org.hibernate.cfg.annotations.PropertyBinder makeProperty - Building property id
20:24:13.217 [main] DEBUG org.hibernate.cfg.BinderHelper makeIdGenerator - #makeIdGenerator(org.hibernate.mapping.SimpleValue([org.hibernate.mapping.Column(ID)]), id, org.hibernate.id.enhanced.SequenceStyleGenerator, MUEBLESGEN, ...)
20:24:13.219 [main] DEBUG org.hibernate.cfg.Ejb3Column bind - Binding column: Ejb3Column{table=org.hibernate.mapping.Table(TB_MOBILIARIO), mappingColumn=nombre, insertable=true, updatable=true, unique=false}
20:24:13.220 [main] DEBUG org.hibernate.cfg.annotations.PropertyBinder makePropertyAndValue - MetadataSourceProcessor property nombre with lazy=false
20:24:13.220 [main] DEBUG org.hibernate.cfg.AbstractPropertyHolder resolveAttributeConverterDescriptor - Attempting to locate auto-apply AttributeConverter for property [servlets.Mobiliario:nombre]
20:24:13.220 [main] DEBUG org.hibernate.cfg.annotations.SimpleValueBinder make - building SimpleValue for nombre
20:24:13.220 [main] DEBUG org.hibernate.cfg.annotations.PropertyBinder makeProperty - Building property nombre
20:24:13.220 [main] DEBUG org.hibernate.cfg.Ejb3Column bind - Binding column: Ejb3Column{table=org.hibernate.mapping.Table(TB_MOBILIARIO), mappingColumn=precio, insertable=true, updatable=true, unique=false}
20:24:13.221 [main] DEBUG org.hibernate.cfg.annotations.PropertyBinder makePropertyAndValue - MetadataSourceProcessor property precio with lazy=false
20:24:13.221 [main] DEBUG org.hibernate.cfg.AbstractPropertyHolder resolveAttributeConverterDescriptor - Attempting to locate auto-apply AttributeConverter for property [servlets.Mobiliario:precio]
20:24:13.221 [main] DEBUG org.hibernate.cfg.annotations.SimpleValueBinder make - building SimpleValue for precio
20:24:13.221 [main] DEBUG org.hibernate.cfg.annotations.PropertyBinder makeProperty - Building property precio
20:24:13.224 [main] DEBUG org.hibernate.cfg.AnnotationBinder bindClass - Binding entity from annotated class: servlets.Mesa
20:24:13.225 [main] DEBUG org.hibernate.cfg.annotations.EntityBinder bindEntity - Import with entity name Mesa
20:24:13.225 [main] DEBUG org.hibernate.cfg.Ejb3Column bind - Binding column: Ejb3Column{table=org.hibernate.mapping.Table(TB_MOBILIARIO), mappingColumn=estilo, insertable=true, updatable=true, unique=false}
20:24:13.225 [main] DEBUG org.hibernate.cfg.annotations.PropertyBinder makePropertyAndValue - MetadataSourceProcessor property estilo with lazy=false
20:24:13.225 [main] DEBUG org.hibernate.cfg.AbstractPropertyHolder resolveAttributeConverterDescriptor - Attempting to locate auto-apply AttributeConverter for property [servlets.Mesa:estilo]
20:24:13.225 [main] DEBUG org.hibernate.cfg.annotations.SimpleValueBinder make - building SimpleValue for estilo
20:24:13.226 [main] DEBUG org.hibernate.cfg.annotations.PropertyBinder makeProperty - Building property estilo
20:24:13.226 [main] DEBUG org.hibernate.cfg.AnnotationBinder bindClass - Binding entity from annotated class: servlets.Lampara
20:24:13.226 [main] DEBUG org.hibernate.cfg.annotations.EntityBinder bindEntity - Import with entity name Lampara
20:24:13.226 [main] DEBUG org.hibernate.cfg.Ejb3Column bind - Binding column: Ejb3Column{table=org.hibernate.mapping.Table(TB_MOBILIARIO), mappingColumn=potencia, insertable=true, updatable=true, unique=false}
20:24:13.227 [main] DEBUG org.hibernate.cfg.annotations.PropertyBinder makePropertyAndValue - MetadataSourceProcessor property potencia with lazy=false
20:24:13.227 [main] DEBUG org.hibernate.cfg.AbstractPropertyHolder resolveAttributeConverterDescriptor - Attempting to locate auto-apply AttributeConverter for property [servlets.Lampara:potencia]
20:24:13.227 [main] DEBUG org.hibernate.cfg.annotations.SimpleValueBinder make - building SimpleValue for potencia
20:24:13.227 [main] DEBUG org.hibernate.cfg.annotations.PropertyBinder makeProperty - Building property potencia
20:24:13.227 [main] DEBUG org.hibernate.cfg.AnnotationBinder bindClass - Binding entity from annotated class: servlets.Sofa
20:24:13.227 [main] DEBUG org.hibernate.cfg.annotations.EntityBinder bindEntity - Import with entity name Sofa
20:24:13.228 [main] DEBUG org.hibernate.cfg.Ejb3Column bind - Binding column: Ejb3Column{table=org.hibernate.mapping.Table(TB_MOBILIARIO), mappingColumn=color, insertable=true, updatable=true, unique=false}
20:24:13.228 [main] DEBUG org.hibernate.cfg.annotations.PropertyBinder makePropertyAndValue - MetadataSourceProcessor property color with lazy=false
20:24:13.228 [main] DEBUG org.hibernate.cfg.AbstractPropertyHolder resolveAttributeConverterDescriptor - Attempting to locate auto-apply AttributeConverter for property [servlets.Sofa:color]
20:24:13.228 [main] DEBUG org.hibernate.cfg.annotations.SimpleValueBinder make - building SimpleValue for color
20:24:13.228 [main] DEBUG org.hibernate.cfg.annotations.PropertyBinder makeProperty - Building property color
20:24:13.229 [main] DEBUG org.hibernate.cfg.annotations.SimpleValueBinder fillSimpleValue - Starting fillSimpleValue for id
20:24:13.229 [main] DEBUG org.hibernate.cfg.annotations.SimpleValueBinder fillSimpleValue - Starting fillSimpleValue for nombre
20:24:13.229 [main] DEBUG org.hibernate.cfg.annotations.SimpleValueBinder fillSimpleValue - Starting fillSimpleValue for precio
20:24:13.229 [main] DEBUG org.hibernate.cfg.annotations.SimpleValueBinder fillSimpleValue - Starting fillSimpleValue for estilo
20:24:13.229 [main] DEBUG org.hibernate.cfg.annotations.SimpleValueBinder fillSimpleValue - Starting fillSimpleValue for potencia
20:24:13.229 [main] DEBUG org.hibernate.cfg.annotations.SimpleValueBinder fillSimpleValue - Starting fillSimpleValue for color
20:24:13.230 [main] DEBUG org.hibernate.mapping.PrimaryKey addColumn - Forcing column [id] to be non-null as it is part of the primary key for table [tb_mobiliario]
20:24:13.253 [main] DEBUG org.hibernate.internal.SessionFactoryImpl <init> - Building session factory
20:24:13.253 [main] DEBUG org.hibernate.cfg.Settings <init> - SessionFactory name : null
20:24:13.253 [main] DEBUG org.hibernate.cfg.Settings <init> - Automatic flush during beforeCompletion(): enabled
20:24:13.253 [main] DEBUG org.hibernate.cfg.Settings <init> - Automatic session close at end of transaction: disabled
20:24:13.254 [main] DEBUG org.hibernate.cfg.Settings <init> - Statistics: disabled
20:24:13.254 [main] DEBUG org.hibernate.cfg.Settings <init> - Deleted entity synthetic identifier rollback: disabled
20:24:13.254 [main] DEBUG org.hibernate.cfg.Settings <init> - Default entity-mode: pojo
20:24:13.254 [main] DEBUG org.hibernate.cfg.Settings <init> - Check Nullability in Core (should be disabled when Bean Validation is on): enabled
20:24:13.254 [main] DEBUG org.hibernate.cfg.Settings <init> - Allow initialization of lazy state outside session : disabled
20:24:13.254 [main] DEBUG org.hibernate.cfg.Settings <init> - Using BatchFetchStyle : LEGACY
20:24:13.254 [main] DEBUG org.hibernate.cfg.Settings <init> - Default batch fetch size: -1
20:24:13.254 [main] DEBUG org.hibernate.cfg.Settings <init> - Maximum outer join fetch depth: null
20:24:13.254 [main] DEBUG org.hibernate.cfg.Settings <init> - Default null ordering: NONE
20:24:13.254 [main] DEBUG org.hibernate.cfg.Settings <init> - Order SQL updates by primary key: disabled
20:24:13.254 [main] DEBUG org.hibernate.cfg.Settings <init> - Order SQL inserts for batching: disabled
20:24:13.254 [main] DEBUG org.hibernate.cfg.Settings <init> - multi-tenancy strategy : NONE
20:24:13.254 [main] DEBUG org.hibernate.cfg.Settings <init> - JTA Track by Thread: enabled
20:24:13.254 [main] DEBUG org.hibernate.cfg.Settings <init> - Query language substitutions: {}
20:24:13.254 [main] DEBUG org.hibernate.cfg.Settings <init> - Named query checking : enabled
20:24:13.255 [main] DEBUG org.hibernate.cfg.Settings <init> - Second-level cache: disabled
20:24:13.255 [main] DEBUG org.hibernate.cfg.Settings <init> - Second-level query cache: disabled
20:24:13.255 [main] DEBUG org.hibernate.cfg.Settings <init> - Second-level query cache factory: null
20:24:13.255 [main] DEBUG org.hibernate.cfg.Settings <init> - Second-level cache region prefix: null
20:24:13.255 [main] DEBUG org.hibernate.cfg.Settings <init> - Optimize second-level cache for minimal puts: disabled
20:24:13.255 [main] DEBUG org.hibernate.cfg.Settings <init> - Structured second-level cache entries: disabled
20:24:13.255 [main] DEBUG org.hibernate.cfg.Settings <init> - Second-level cache direct-reference entries: disabled
20:24:13.255 [main] DEBUG org.hibernate.cfg.Settings <init> - Automatic eviction of collection cache: disabled
20:24:13.255 [main] DEBUG org.hibernate.cfg.Settings <init> - JDBC batch size: 15
20:24:13.255 [main] DEBUG org.hibernate.cfg.Settings <init> - JDBC batch updates for versioned data: disabled
20:24:13.255 [main] DEBUG org.hibernate.cfg.Settings <init> - Scrollable result sets: enabled
20:24:13.255 [main] DEBUG org.hibernate.cfg.Settings <init> - Wrap result sets: disabled
20:24:13.255 [main] DEBUG org.hibernate.cfg.Settings <init> - JDBC3 getGeneratedKeys(): disabled
20:24:13.255 [main] DEBUG org.hibernate.cfg.Settings <init> - JDBC result set fetch size: null
20:24:13.256 [main] DEBUG org.hibernate.cfg.Settings <init> - Connection release mode: AFTER_TRANSACTION
20:24:13.256 [main] DEBUG org.hibernate.cfg.Settings <init> - Generate SQL with comments: disabled
20:24:13.256 [main] DEBUG org.hibernate.cfg.Settings <init> - JPA compliance - query : disabled
20:24:13.256 [main] DEBUG org.hibernate.cfg.Settings <init> - JPA compliance - closed-handling : disabled
20:24:13.256 [main] DEBUG org.hibernate.cfg.Settings <init> - JPA compliance - lists : disabled
20:24:13.256 [main] DEBUG org.hibernate.cfg.Settings <init> - JPA compliance - transactions : disabled
20:24:13.261 [main] DEBUG org.hibernate.boot.internal.ClassLoaderAccessImpl classForName - Not known whether passed class name [servlets.Mesa] is safe
20:24:13.261 [main] DEBUG org.hibernate.boot.internal.ClassLoaderAccessImpl classForName - No temp ClassLoader provided; using live ClassLoader for loading potentially unsafe class : servlets.Mesa
20:24:13.261 [main] DEBUG org.hibernate.boot.internal.ClassLoaderAccessImpl classForName - Not known whether passed class name [servlets.Lampara] is safe
20:24:13.261 [main] DEBUG org.hibernate.boot.internal.ClassLoaderAccessImpl classForName - No temp ClassLoader provided; using live ClassLoader for loading potentially unsafe class : servlets.Lampara
20:24:13.261 [main] DEBUG org.hibernate.boot.internal.ClassLoaderAccessImpl classForName - Not known whether passed class name [servlets.Sofa] is safe
20:24:13.262 [main] DEBUG org.hibernate.boot.internal.ClassLoaderAccessImpl classForName - No temp ClassLoader provided; using live ClassLoader for loading potentially unsafe class : servlets.Sofa
20:24:13.285 [main] DEBUG org.hibernate.service.internal.SessionFactoryServiceRegistryImpl getService - EventListenerRegistry access via ServiceRegistry is deprecated.  Use `sessionFactory.getEventEngine().getListenerRegistry()` instead
20:24:13.286 [main] DEBUG org.hibernate.service.internal.SessionFactoryServiceRegistryImpl getService - EventListenerRegistry access via ServiceRegistry is deprecated.  Use `sessionFactory.getEventEngine().getListenerRegistry()` instead
20:24:13.292 [main] DEBUG org.hibernate.internal.SessionFactoryImpl <init> - Session factory constructed with filter configurations : {}
20:24:13.292 [main] DEBUG org.hibernate.internal.SessionFactoryImpl <init> - Instantiating session factory with properties: {java.specification.version=17, sun.cpu.isalist=amd64, sun.jnu.encoding=Cp1252, hibernate.dialect=org.hibernate.dialect.Oracle10gDialect, java.class.path=C:\Users\Tardes\Desktop\workspace\ProyectoWeb\target\classes;C:\Users\Tardes\servers\apache-tomcat-10.1.18-windows-x64\apache-tomcat-10.1.18\lib\annotations-api.jar;C:\Users\Tardes\servers\apache-tomcat-10.1.18-windows-x64\apache-tomcat-10.1.18\lib\catalina-ant.jar;C:\Users\Tardes\servers\apache-tomcat-10.1.18-windows-x64\apache-tomcat-10.1.18\lib\catalina-ha.jar;C:\Users\Tardes\servers\apache-tomcat-10.1.18-windows-x64\apache-tomcat-10.1.18\lib\catalina-ssi.jar;C:\Users\Tardes\servers\apache-tomcat-10.1.18-windows-x64\apache-tomcat-10.1.18\lib\catalina-storeconfig.jar;C:\Users\Tardes\servers\apache-tomcat-10.1.18-windows-x64\apache-tomcat-10.1.18\lib\catalina-tribes.jar;C:\Users\Tardes\servers\apache-tomcat-10.1.18-windows-x64\apache-tomcat-10.1.18\lib\catalina.jar;C:\Users\Tardes\servers\apache-tomcat-10.1.18-windows-x64\apache-tomcat-10.1.18\lib\ecj-4.27.jar;C:\Users\Tardes\servers\apache-tomcat-10.1.18-windows-x64\apache-tomcat-10.1.18\lib\el-api.jar;C:\Users\Tardes\servers\apache-tomcat-10.1.18-windows-x64\apache-tomcat-10.1.18\lib\jakartaee-migration-1.0.7-shaded.jar;C:\Users\Tardes\servers\apache-tomcat-10.1.18-windows-x64\apache-tomcat-10.1.18\lib\jasper-el.jar;C:\Users\Tardes\servers\apache-tomcat-10.1.18-windows-x64\apache-tomcat-10.1.18\lib\jasper.jar;C:\Users\Tardes\servers\apache-tomcat-10.1.18-windows-x64\apache-tomcat-10.1.18\lib\jaspic-api.jar;C:\Users\Tardes\servers\apache-tomcat-10.1.18-windows-x64\apache-tomcat-10.1.18\lib\jsp-api.jar;C:\Users\Tardes\servers\apache-tomcat-10.1.18-windows-x64\apache-tomcat-10.1.18\lib\servlet-api.jar;C:\Users\Tardes\servers\apache-tomcat-10.1.18-windows-x64\apache-tomcat-10.1.18\lib\tomcat-api.jar;C:\Users\Tardes\servers\apache-tomcat-10.1.18-windows-x64\apache-tomcat-10.1.18\lib\tomcat-coyote.jar;C:\Users\Tardes\servers\apache-tomcat-10.1.18-windows-x64\apache-tomcat-10.1.18\lib\tomcat-dbcp.jar;C:\Users\Tardes\servers\apache-tomcat-10.1.18-windows-x64\apache-tomcat-10.1.18\lib\tomcat-i18n-cs.jar;C:\Users\Tardes\servers\apache-tomcat-10.1.18-windows-x64\apache-tomcat-10.1.18\lib\tomcat-i18n-de.jar;C:\Users\Tardes\servers\apache-tomcat-10.1.18-windows-x64\apache-tomcat-10.1.18\lib\tomcat-i18n-es.jar;C:\Users\Tardes\servers\apache-tomcat-10.1.18-windows-x64\apache-tomcat-10.1.18\lib\tomcat-i18n-fr.jar;C:\Users\Tardes\servers\apache-tomcat-10.1.18-windows-x64\apache-tomcat-10.1.18\lib\tomcat-i18n-ja.jar;C:\Users\Tardes\servers\apache-tomcat-10.1.18-windows-x64\apache-tomcat-10.1.18\lib\tomcat-i18n-ko.jar;C:\Users\Tardes\servers\apache-tomcat-10.1.18-windows-x64\apache-tomcat-10.1.18\lib\tomcat-i18n-pt-BR.jar;C:\Users\Tardes\servers\apache-tomcat-10.1.18-windows-x64\apache-tomcat-10.1.18\lib\tomcat-i18n-ru.jar;C:\Users\Tardes\servers\apache-tomcat-10.1.18-windows-x64\apache-tomcat-10.1.18\lib\tomcat-i18n-zh-CN.jar;C:\Users\Tardes\servers\apache-tomcat-10.1.18-windows-x64\apache-tomcat-10.1.18\lib\tomcat-jdbc.jar;C:\Users\Tardes\servers\apache-tomcat-10.1.18-windows-x64\apache-tomcat-10.1.18\lib\tomcat-jni.jar;C:\Users\Tardes\servers\apache-tomcat-10.1.18-windows-x64\apache-tomcat-10.1.18\lib\tomcat-util-scan.jar;C:\Users\Tardes\servers\apache-tomcat-10.1.18-windows-x64\apache-tomcat-10.1.18\lib\tomcat-util.jar;C:\Users\Tardes\servers\apache-tomcat-10.1.18-windows-x64\apache-tomcat-10.1.18\lib\tomcat-websocket.jar;C:\Users\Tardes\servers\apache-tomcat-10.1.18-windows-x64\apache-tomcat-10.1.18\lib\websocket-api.jar;C:\Users\Tardes\servers\apache-tomcat-10.1.18-windows-x64\apache-tomcat-10.1.18\lib\websocket-client-api.jar;C:\Users\Tardes\.m2\repository\org\apache\logging\log4j\log4j-core\2.21.1\log4j-core-2.21.1.jar;C:\Users\Tardes\.m2\repository\org\apache\logging\log4j\log4j-api\2.21.1\log4j-api-2.21.1.jar;C:\Users\Tardes\.m2\repository\javax\servlet\servlet-api\2.5\servlet-api-2.5.jar;C:\Users\Tardes\.m2\repository\com\mysql\mysql-connector-j\8.0.31\mysql-connector-j-8.0.31.jar;C:\Users\Tardes\.m2\repository\com\google\protobuf\protobuf-java\3.19.4\protobuf-java-3.19.4.jar;C:\Users\Tardes\.m2\repository\org\hibernate\hibernate-core-jakarta\5.6.12.Final\hibernate-core-jakarta-5.6.12.Final.jar;C:\Users\Tardes\.m2\repository\org\jboss\logging\jboss-logging\3.4.3.Final\jboss-logging-3.4.3.Final.jar;C:\Users\Tardes\.m2\repository\jakarta\persistence\jakarta.persistence-api\3.0.0\jakarta.persistence-api-3.0.0.jar;C:\Users\Tardes\.m2\repository\net\bytebuddy\byte-buddy\1.12.9\byte-buddy-1.12.9.jar;C:\Users\Tardes\.m2\repository\antlr\antlr\2.7.7\antlr-2.7.7.jar;C:\Users\Tardes\.m2\repository\jakarta\transaction\jakarta.transaction-api\2.0.0\jakarta.transaction-api-2.0.0.jar;C:\Users\Tardes\.m2\repository\org\jboss\jandex\2.4.2.Final\jandex-2.4.2.Final.jar;C:\Users\Tardes\.m2\repository\com\fasterxml\classmate\1.5.1\classmate-1.5.1.jar;C:\Users\Tardes\.m2\repository\jakarta\activation\jakarta.activation-api\2.0.1\jakarta.activation-api-2.0.1.jar;C:\Users\Tardes\.m2\repository\org\dom4j\dom4j\2.1.3\dom4j-2.1.3.jar;C:\Users\Tardes\.m2\repository\org\hibernate\common\hibernate-commons-annotations\5.1.2.Final\hibernate-commons-annotations-5.1.2.Final.jar;C:\Users\Tardes\.m2\repository\jakarta\xml\bind\jakarta.xml.bind-api\3.0.1\jakarta.xml.bind-api-3.0.1.jar;C:\Users\Tardes\.m2\repository\com\sun\activation\jakarta.activation\2.0.1\jakarta.activation-2.0.1.jar;C:\Users\Tardes\.m2\repository\org\glassfish\jaxb\jaxb-runtime\3.0.0\jaxb-runtime-3.0.0.jar;C:\Users\Tardes\.m2\repository\org\glassfish\jaxb\jaxb-core\3.0.0\jaxb-core-3.0.0.jar;C:\Users\Tardes\.m2\repository\org\glassfish\jaxb\txw2\3.0.0\txw2-3.0.0.jar;C:\Users\Tardes\.m2\repository\com\sun\istack\istack-commons-runtime\4.0.0\istack-commons-runtime-4.0.0.jar;C:\Users\Tardes\git\cursogetafe2\target\classes;C:\Users\Tardes\git\cursogetafe2\config;C:\Users\Tardes\.m2\repository\com\oracle\database\jdbc\ojdbc10\19.21.0.0\ojdbc10-19.21.0.0.jar, java.vm.vendor=Eclipse Adoptium, sun.arch.data.model=64, user.variant=, java.vendor.url=https://adoptium.net/, user.timezone=Europe/Madrid, javax.persistence.jdbc.user=****, javax.persistence.jdbc.url=jdbc:oracle:thin:@localhost:1521/XE, java.vm.specification.version=17, os.name=Windows 10, jakarta.persistence.jdbc.password=****, sun.java.launcher=SUN_STANDARD, user.country=ES, local.setting.IS_JTA_TXN_COORD=false, sun.boot.library.path=C:\Users\Tardes\Desktop\eclipse\plugins\org.eclipse.justj.openjdk.hotspot.jre.full.win32.x86_64_17.0.7.v20230425-1502\jre\bin, sun.java.command=testDB, jdk.debug=release, jakarta.persistence.jdbc.driver=oracle.jdbc.OracleDriver, sun.cpu.endian=little, user.home=C:\Users\Tardes, user.language=es, java.specification.vendor=Oracle Corporation, java.version.date=2023-04-18, java.home=C:\Users\Tardes\Desktop\eclipse\plugins\org.eclipse.justj.openjdk.hotspot.jre.full.win32.x86_64_17.0.7.v20230425-1502\jre, file.separator=\, java.vm.compressedOopsMode=Zero based, jakarta.persistence.jdbc.user=****, line.separator=
, hibernate.persistenceUnitName=hibernateOracle, java.vm.specification.vendor=Oracle Corporation, java.specification.name=Java Platform API Specification, hibernate.transaction.coordinator_class=class org.hibernate.resource.transaction.backend.jdbc.internal.JdbcResourceLocalTransactionCoordinatorBuilderImpl, javax.persistence.jdbc.driver=oracle.jdbc.OracleDriver, hibernate.hbm2ddl.auto=update, user.script=, sun.management.compiler=HotSpot 64-Bit Tiered Compilers, java.runtime.version=17.0.7+7, user.name=Tardes, path.separator=;, hibernate.connection.username=****, os.version=10.0, java.runtime.name=OpenJDK Runtime Environment, hibernate.connection.url=jdbc:oracle:thin:@localhost:1521/XE, file.encoding=UTF-8, hibernate.ejb.persistenceUnitName=hibernateOracle, java.vm.name=OpenJDK 64-Bit Server VM, hibernate.show_sql=true, java.vendor.version=Temurin-17.0.7+7, hibernate.connection.driver_class=oracle.jdbc.OracleDriver, java.vendor.url.bug=https://github.com/adoptium/adoptium-support/issues, java.io.tmpdir=C:\Users\Tardes\AppData\Local\Temp\, java.version=17.0.7, user.dir=C:\Users\Tardes\Desktop\workspace\ProyectoWeb, os.arch=amd64, java.vm.specification.name=Java Virtual Machine Specification, hibernate.connection.password=****, sun.os.patch.level=, jakarta.persistence.jdbc.url=jdbc:oracle:thin:@localhost:1521/XE, hibernate.boot.CfgXmlAccessService.key=org.hibernate.boot.registry.StandardServiceRegistryBuilder$1@70c69586, native.encoding=Cp1252, java.library.path=C:\Users\Tardes\Desktop\eclipse\plugins\org.eclipse.justj.openjdk.hotspot.jre.full.win32.x86_64_17.0.7.v20230425-1502\jre\bin;C:\windows\Sun\Java\bin;C:\windows\system32;C:\windows;C:/Users/Tardes/Desktop/eclipse//plugins/org.eclipse.justj.openjdk.hotspot.jre.full.win32.x86_64_17.0.7.v20230425-1502/jre/bin/server;C:/Users/Tardes/Desktop/eclipse//plugins/org.eclipse.justj.openjdk.hotspot.jre.full.win32.x86_64_17.0.7.v20230425-1502/jre/bin;C:\oraclexe\app\oracle\product\10.2.0\server\bin;C:\Program Files\Common Files\Oracle\Java\javapath;C:\Program Files (x86)\Common Files\Oracle\Java\javapath;C:\windows\system32;C:\windows;C:\windows\System32\Wbem;C:\windows\System32\WindowsPowerShell\v1.0\;C:\windows\System32\OpenSSH\;C:\Program Files\Git\cmd;C:\Users\Tardes\AppData\Local\Microsoft\WindowsApps;C:\Users\Tardes\AppData\Local\Programs\Microsoft VS Code\bin;C:\Program Files\JetBrains\PyCharm Community Edition 2023.1.2\bin;;C:\Users\Tardes\AppData\Local\GitHubDesktop\bin;C:\Users\Tardes\Desktop\eclipse;;., java.vendor=Eclipse Adoptium, java.vm.info=mixed mode, java.vm.version=17.0.7+7, hibernate.bytecode.use_reflection_optimizer=false, sun.io.unicode.encoding=UnicodeLittle, javax.persistence.jdbc.password=****, java.class.version=61.0}
20:24:13.298 [main] DEBUG org.hibernate.secure.spi.JaccIntegrator doIntegration - Skipping JACC integration as it was not enabled
20:24:13.298 [main] DEBUG org.hibernate.internal.SessionFactoryImpl <init> - Instantiated session factory
20:24:13.298 [main] DEBUG org.hibernate.type.spi.TypeConfiguration$Scope scope - Scoping TypeConfiguration [org.hibernate.type.spi.TypeConfiguration@7e19755a] to SessionFactoryImpl [org.hibernate.internal.SessionFactoryImpl@1a47a1e8]
20:24:13.327 [main] DEBUG org.hibernate.boot.internal.ClassLoaderAccessImpl classForName - Not known whether passed class name [servlets.Mesa] is safe
20:24:13.327 [main] DEBUG org.hibernate.boot.internal.ClassLoaderAccessImpl classForName - No temp ClassLoader provided; using live ClassLoader for loading potentially unsafe class : servlets.Mesa
20:24:13.424 [main] DEBUG org.hibernate.boot.internal.ClassLoaderAccessImpl classForName - Not known whether passed class name [servlets.Lampara] is safe
20:24:13.424 [main] DEBUG org.hibernate.boot.internal.ClassLoaderAccessImpl classForName - No temp ClassLoader provided; using live ClassLoader for loading potentially unsafe class : servlets.Lampara
20:24:13.432 [main] DEBUG org.hibernate.boot.internal.ClassLoaderAccessImpl classForName - Not known whether passed class name [servlets.Mobiliario] is safe
20:24:13.432 [main] DEBUG org.hibernate.boot.internal.ClassLoaderAccessImpl classForName - No temp ClassLoader provided; using live ClassLoader for loading potentially unsafe class : servlets.Mobiliario
20:24:13.433 [main] DEBUG org.hibernate.boot.internal.ClassLoaderAccessImpl classForName - Not known whether passed class name [servlets.Sofa] is safe
20:24:13.433 [main] DEBUG org.hibernate.boot.internal.ClassLoaderAccessImpl classForName - No temp ClassLoader provided; using live ClassLoader for loading potentially unsafe class : servlets.Sofa
20:24:13.447 [main] DEBUG org.hibernate.persister.entity.AbstractEntityPersister logStaticSQL - Static SQL for entity: servlets.Mesa
20:24:13.447 [main] DEBUG org.hibernate.persister.entity.AbstractEntityPersister logStaticSQL -  Version select: select ID from TB_MOBILIARIO where ID =?
20:24:13.447 [main] DEBUG org.hibernate.persister.entity.AbstractEntityPersister logStaticSQL -  Snapshot select: select mesa_.ID, mesa_.nombre as nombre3_0_, mesa_.precio as precio4_0_, mesa_.estilo as estilo5_0_ from TB_MOBILIARIO mesa_ where mesa_.ID=?
20:24:13.447 [main] DEBUG org.hibernate.persister.entity.AbstractEntityPersister debugf -  Insert 0: insert into TB_MOBILIARIO (nombre, precio, estilo, DIS, ID) values (?, ?, ?, 'MESA', ?)
20:24:13.447 [main] DEBUG org.hibernate.persister.entity.AbstractEntityPersister debugf -  Update 0: update TB_MOBILIARIO set nombre=?, precio=?, estilo=? where ID=?
20:24:13.447 [main] DEBUG org.hibernate.persister.entity.AbstractEntityPersister debugf -  Delete 0: delete from TB_MOBILIARIO where ID=?
20:24:13.458 [main] DEBUG org.hibernate.loader.plan.build.internal.spaces.QuerySpacesImpl registerQuerySpace - Adding QuerySpace : uid = <gen:0> -> org.hibernate.loader.plan.build.internal.spaces.EntityQuerySpaceImpl@5348d83c]
20:24:13.459 [main] DEBUG org.hibernate.persister.walking.spi.MetamodelGraphWalker visitAttributeDefinition - Visiting attribute path : nombre
20:24:13.459 [main] DEBUG org.hibernate.persister.walking.spi.MetamodelGraphWalker visitAttributeDefinition - Visiting attribute path : precio
20:24:13.459 [main] DEBUG org.hibernate.persister.walking.spi.MetamodelGraphWalker visitAttributeDefinition - Visiting attribute path : estilo
20:24:13.459 [main] DEBUG org.hibernate.loader.plan.build.internal.FetchStyleLoadPlanBuildingAssociationVisitationStrategy buildLoadPlan - Building LoadPlan...
20:24:13.465 [main] DEBUG org.hibernate.loader.plan.exec.internal.LoadQueryJoinAndFetchProcessor processQuerySpaceJoins - processing queryspace <gen:0>
20:24:13.466 [main] DEBUG org.hibernate.loader.plan.build.spi.LoadPlanTreePrinter logTree - LoadPlan(entity=servlets.Mesa)
    - Returns
       - EntityReturnImpl(entity=servlets.Mesa, querySpaceUid=<gen:0>, path=servlets.Mesa)
    - QuerySpaces
       - EntityQuerySpaceImpl(uid=<gen:0>, entity=servlets.Mesa)
          - SQL table alias mapping - mesa0_
          - alias suffix - 0_
          - suffixed key columns - {id2_0_0_}

20:24:13.468 [main] DEBUG org.hibernate.loader.entity.plan.EntityLoader <init> - Static select for entity servlets.Mesa [NONE]: select mesa0_.ID as id2_0_0_, mesa0_.nombre as nombre3_0_0_, mesa0_.precio as precio4_0_0_, mesa0_.estilo as estilo5_0_0_ from TB_MOBILIARIO mesa0_ where mesa0_.ID=? and mesa0_.DIS='MESA'
20:24:13.468 [main] DEBUG org.hibernate.persister.entity.AbstractEntityPersister logStaticSQL - Static SQL for entity: servlets.Lampara
20:24:13.468 [main] DEBUG org.hibernate.persister.entity.AbstractEntityPersister logStaticSQL -  Version select: select ID from TB_MOBILIARIO where ID =?
20:24:13.468 [main] DEBUG org.hibernate.persister.entity.AbstractEntityPersister logStaticSQL -  Snapshot select: select lampara_.ID, lampara_.nombre as nombre3_0_, lampara_.precio as precio4_0_, lampara_.potencia as potencia6_0_ from TB_MOBILIARIO lampara_ where lampara_.ID=?
20:24:13.468 [main] DEBUG org.hibernate.persister.entity.AbstractEntityPersister debugf -  Insert 0: insert into TB_MOBILIARIO (nombre, precio, potencia, DIS, ID) values (?, ?, ?, 'LAMPARA', ?)
20:24:13.468 [main] DEBUG org.hibernate.persister.entity.AbstractEntityPersister debugf -  Update 0: update TB_MOBILIARIO set nombre=?, precio=?, potencia=? where ID=?
20:24:13.468 [main] DEBUG org.hibernate.persister.entity.AbstractEntityPersister debugf -  Delete 0: delete from TB_MOBILIARIO where ID=?
20:24:13.468 [main] DEBUG org.hibernate.loader.plan.build.internal.spaces.QuerySpacesImpl registerQuerySpace - Adding QuerySpace : uid = <gen:0> -> org.hibernate.loader.plan.build.internal.spaces.EntityQuerySpaceImpl@23310248]
20:24:13.468 [main] DEBUG org.hibernate.persister.walking.spi.MetamodelGraphWalker visitAttributeDefinition - Visiting attribute path : nombre
20:24:13.468 [main] DEBUG org.hibernate.persister.walking.spi.MetamodelGraphWalker visitAttributeDefinition - Visiting attribute path : precio
20:24:13.468 [main] DEBUG org.hibernate.persister.walking.spi.MetamodelGraphWalker visitAttributeDefinition - Visiting attribute path : potencia
20:24:13.468 [main] DEBUG org.hibernate.loader.plan.build.internal.FetchStyleLoadPlanBuildingAssociationVisitationStrategy buildLoadPlan - Building LoadPlan...
20:24:13.468 [main] DEBUG org.hibernate.loader.plan.exec.internal.LoadQueryJoinAndFetchProcessor processQuerySpaceJoins - processing queryspace <gen:0>
20:24:13.468 [main] DEBUG org.hibernate.loader.plan.build.spi.LoadPlanTreePrinter logTree - LoadPlan(entity=servlets.Lampara)
    - Returns
       - EntityReturnImpl(entity=servlets.Lampara, querySpaceUid=<gen:0>, path=servlets.Lampara)
    - QuerySpaces
       - EntityQuerySpaceImpl(uid=<gen:0>, entity=servlets.Lampara)
          - SQL table alias mapping - lampara0_
          - alias suffix - 0_
          - suffixed key columns - {id2_0_0_}

20:24:13.468 [main] DEBUG org.hibernate.loader.entity.plan.EntityLoader <init> - Static select for entity servlets.Lampara [NONE]: select lampara0_.ID as id2_0_0_, lampara0_.nombre as nombre3_0_0_, lampara0_.precio as precio4_0_0_, lampara0_.potencia as potencia6_0_0_ from TB_MOBILIARIO lampara0_ where lampara0_.ID=? and lampara0_.DIS='LAMPARA'
20:24:13.469 [main] DEBUG org.hibernate.persister.entity.AbstractEntityPersister logStaticSQL - Static SQL for entity: servlets.Mobiliario
20:24:13.469 [main] DEBUG org.hibernate.persister.entity.AbstractEntityPersister logStaticSQL -  Version select: select ID from TB_MOBILIARIO where ID =?
20:24:13.469 [main] DEBUG org.hibernate.persister.entity.AbstractEntityPersister logStaticSQL -  Snapshot select: select mobiliario_.ID, mobiliario_.nombre as nombre3_0_, mobiliario_.precio as precio4_0_ from TB_MOBILIARIO mobiliario_ where mobiliario_.ID=?
20:24:13.469 [main] DEBUG org.hibernate.persister.entity.AbstractEntityPersister debugf -  Insert 0: insert into TB_MOBILIARIO (nombre, precio, DIS, ID) values (?, ?, 'Mobiliario', ?)
20:24:13.469 [main] DEBUG org.hibernate.persister.entity.AbstractEntityPersister debugf -  Update 0: update TB_MOBILIARIO set nombre=?, precio=? where ID=?
20:24:13.469 [main] DEBUG org.hibernate.persister.entity.AbstractEntityPersister debugf -  Delete 0: delete from TB_MOBILIARIO where ID=?
20:24:13.469 [main] DEBUG org.hibernate.loader.plan.build.internal.spaces.QuerySpacesImpl registerQuerySpace - Adding QuerySpace : uid = <gen:0> -> org.hibernate.loader.plan.build.internal.spaces.EntityQuerySpaceImpl@41f3aaf1]
20:24:13.469 [main] DEBUG org.hibernate.persister.walking.spi.MetamodelGraphWalker visitAttributeDefinition - Visiting attribute path : nombre
20:24:13.469 [main] DEBUG org.hibernate.persister.walking.spi.MetamodelGraphWalker visitAttributeDefinition - Visiting attribute path : precio
20:24:13.469 [main] DEBUG org.hibernate.persister.walking.spi.MetamodelGraphWalker visitAttributeDefinition - Visiting attribute path : estilo
20:24:13.469 [main] DEBUG org.hibernate.persister.walking.spi.MetamodelGraphWalker visitAttributeDefinition - Visiting attribute path : potencia
20:24:13.469 [main] DEBUG org.hibernate.persister.walking.spi.MetamodelGraphWalker visitAttributeDefinition - Visiting attribute path : color
20:24:13.469 [main] DEBUG org.hibernate.loader.plan.build.internal.FetchStyleLoadPlanBuildingAssociationVisitationStrategy buildLoadPlan - Building LoadPlan...
20:24:13.469 [main] DEBUG org.hibernate.loader.plan.exec.internal.LoadQueryJoinAndFetchProcessor processQuerySpaceJoins - processing queryspace <gen:0>
20:24:13.469 [main] DEBUG org.hibernate.loader.plan.build.spi.LoadPlanTreePrinter logTree - LoadPlan(entity=servlets.Mobiliario)
    - Returns
       - EntityReturnImpl(entity=servlets.Mobiliario, querySpaceUid=<gen:0>, path=servlets.Mobiliario)
    - QuerySpaces
       - EntityQuerySpaceImpl(uid=<gen:0>, entity=servlets.Mobiliario)
          - SQL table alias mapping - mobiliario0_
          - alias suffix - 0_
          - suffixed key columns - {id2_0_0_}

20:24:13.469 [main] DEBUG org.hibernate.loader.entity.plan.EntityLoader <init> - Static select for entity servlets.Mobiliario [NONE]: select mobiliario0_.ID as id2_0_0_, mobiliario0_.nombre as nombre3_0_0_, mobiliario0_.precio as precio4_0_0_, mobiliario0_.estilo as estilo5_0_0_, mobiliario0_.potencia as potencia6_0_0_, mobiliario0_.color as color7_0_0_, mobiliario0_.DIS as dis1_0_0_ from TB_MOBILIARIO mobiliario0_ where mobiliario0_.ID=?
20:24:13.469 [main] DEBUG org.hibernate.persister.entity.AbstractEntityPersister logStaticSQL - Static SQL for entity: servlets.Sofa
20:24:13.469 [main] DEBUG org.hibernate.persister.entity.AbstractEntityPersister logStaticSQL -  Version select: select ID from TB_MOBILIARIO where ID =?
20:24:13.469 [main] DEBUG org.hibernate.persister.entity.AbstractEntityPersister logStaticSQL -  Snapshot select: select sofa_.ID, sofa_.nombre as nombre3_0_, sofa_.precio as precio4_0_, sofa_.color as color7_0_ from TB_MOBILIARIO sofa_ where sofa_.ID=?
20:24:13.470 [main] DEBUG org.hibernate.persister.entity.AbstractEntityPersister debugf -  Insert 0: insert into TB_MOBILIARIO (nombre, precio, color, DIS, ID) values (?, ?, ?, 'SOFA', ?)
20:24:13.470 [main] DEBUG org.hibernate.persister.entity.AbstractEntityPersister debugf -  Update 0: update TB_MOBILIARIO set nombre=?, precio=?, color=? where ID=?
20:24:13.470 [main] DEBUG org.hibernate.persister.entity.AbstractEntityPersister debugf -  Delete 0: delete from TB_MOBILIARIO where ID=?
20:24:13.470 [main] DEBUG org.hibernate.loader.plan.build.internal.spaces.QuerySpacesImpl registerQuerySpace - Adding QuerySpace : uid = <gen:0> -> org.hibernate.loader.plan.build.internal.spaces.EntityQuerySpaceImpl@5f9f3e58]
20:24:13.470 [main] DEBUG org.hibernate.persister.walking.spi.MetamodelGraphWalker visitAttributeDefinition - Visiting attribute path : nombre
20:24:13.470 [main] DEBUG org.hibernate.persister.walking.spi.MetamodelGraphWalker visitAttributeDefinition - Visiting attribute path : precio
20:24:13.470 [main] DEBUG org.hibernate.persister.walking.spi.MetamodelGraphWalker visitAttributeDefinition - Visiting attribute path : color
20:24:13.470 [main] DEBUG org.hibernate.loader.plan.build.internal.FetchStyleLoadPlanBuildingAssociationVisitationStrategy buildLoadPlan - Building LoadPlan...
20:24:13.470 [main] DEBUG org.hibernate.loader.plan.exec.internal.LoadQueryJoinAndFetchProcessor processQuerySpaceJoins - processing queryspace <gen:0>
20:24:13.470 [main] DEBUG org.hibernate.loader.plan.build.spi.LoadPlanTreePrinter logTree - LoadPlan(entity=servlets.Sofa)
    - Returns
       - EntityReturnImpl(entity=servlets.Sofa, querySpaceUid=<gen:0>, path=servlets.Sofa)
    - QuerySpaces
       - EntityQuerySpaceImpl(uid=<gen:0>, entity=servlets.Sofa)
          - SQL table alias mapping - sofa0_
          - alias suffix - 0_
          - suffixed key columns - {id2_0_0_}

20:24:13.470 [main] DEBUG org.hibernate.loader.entity.plan.EntityLoader <init> - Static select for entity servlets.Sofa [NONE]: select sofa0_.ID as id2_0_0_, sofa0_.nombre as nombre3_0_0_, sofa0_.precio as precio4_0_0_, sofa0_.color as color7_0_0_ from TB_MOBILIARIO sofa0_ where sofa0_.ID=? and sofa0_.DIS='SOFA'
20:24:13.493 [main] INFO  org.hibernate.orm.connections.access getIsolatedConnection - HHH10001501: Connection obtained from JdbcConnectionAccess [org.hibernate.engine.jdbc.env.internal.JdbcEnvironmentInitiator$ConnectionProviderJdbcConnectionAccess@1a9ec80e] for (non-JTA) DDL execution was not in auto-commit mode; the Connection 'local transaction' will be committed and the Connection will be set into auto-commit mode.
20:24:13.600 [main] DEBUG org.hibernate.SQL logStatement - create table TB_MOBILIARIO (DIS varchar2(31 char) not null, ID number(19,0) not null, nombre varchar2(255 char), precio double precision not null, estilo varchar2(255 char), potencia varchar2(255 char), color varchar2(255 char), primary key (ID))
20:24:13.627 [main] DEBUG org.hibernate.SQL logStatement - create sequence MUEBLES_GEN start with 1 increment by  1
20:24:13.630 [main] DEBUG org.hibernate.engine.transaction.jta.platform.internal.JtaPlatformInitiator initiateService - No JtaPlatform was specified, checking resolver
20:24:13.631 [main] DEBUG org.hibernate.engine.transaction.jta.platform.internal.JtaPlatformResolverInitiator initiateService - No JtaPlatformResolver was specified, using default [org.hibernate.engine.transaction.jta.platform.internal.StandardJtaPlatformResolver]
20:24:13.635 [main] DEBUG org.hibernate.engine.transaction.jta.platform.internal.StandardJtaPlatformResolver resolveJtaPlatform - Could not resolve JtaPlatform, using default [org.hibernate.engine.transaction.jta.platform.internal.NoJtaPlatform]
20:24:13.636 [main] INFO  org.hibernate.engine.transaction.jta.platform.internal.JtaPlatformInitiator initiateService - HHH000490: Using JtaPlatform implementation: [org.hibernate.engine.transaction.jta.platform.internal.NoJtaPlatform]
20:24:13.636 [main] DEBUG org.hibernate.query.spi.NamedQueryRepository checkNamedQueries - Checking 0 named HQL queries
20:24:13.636 [main] DEBUG org.hibernate.query.spi.NamedQueryRepository checkNamedQueries - Checking 0 named SQL queries
20:24:13.639 [main] DEBUG org.hibernate.service.internal.SessionFactoryServiceRegistryImpl getService - EventListenerRegistry access via ServiceRegistry is deprecated.  Use `sessionFactory.getEventEngine().getListenerRegistry()` instead
20:24:13.642 [main] DEBUG org.hibernate.internal.SessionFactoryRegistry <init> - Initializing SessionFactoryRegistry : org.hibernate.internal.SessionFactoryRegistry@3312f4f4
20:24:13.644 [main] DEBUG org.hibernate.internal.SessionFactoryRegistry addSessionFactory - Registering SessionFactory: f100266a-4091-4eb2-b4d9-d65bc136eb47 (<unnamed>)
20:24:13.644 [main] DEBUG org.hibernate.internal.SessionFactoryRegistry addSessionFactory - Not binding SessionFactory to JNDI, no JNDI name configured
20:24:13.683 [main] DEBUG org.hibernate.stat.internal.StatisticsInitiator initiateServiceInternal - Statistics initialized [enabled=false]
